<?xml version="1.0" encoding="UTF-8"?>
<!-- Generated by org.testng.reporters.JUnitXMLReporter -->
<testsuite ignored="0" hostname="DESKTOP-UH2GJC7" failures="0" tests="5" name="Program 3" time="0.116" errors="0" timestamp="14 Jul 2021 17:43:34 GMT">
  <testcase classname="com.codingiri.TestNG_Test.Before_And_After_Test_Annotations" name="Test1" time="0.011"/>
  <testcase classname="com.codingiri.TestNG_Test.Before_And_After_Test_Annotations" name="Test2" time="0.004"/>
  <testcase classname="com.codingiri.TestNG_Test.Before_And_After_Test_Annotations" name="Test3" time="0.004"/>
  <testcase classname="com.codingiri.TestNG_Test.Before_And_After_Test_Annotations" name="Test4" time="0.004"/>
  <testcase classname="com.codingiri.TestNG_Test.Before_And_After_Test_Annotations" name="Test5" time="0.005"/>
</testsuite> <!-- Program 3 -->
